build/app/outputs/mapping/release/mapping.txt
# compiler: R8
# compiler_version: 1.5.64
# min_api: 16
# pg_map_id: fa76bd1
com.example.book_beta_2.MainActivity -> com.example.book_beta_2.MainActivity:
    void configureFlutterEngine(io.flutter.embedding.engine.FlutterEngine) -> a
...
io.flutter.view.AccessibilityBridge$3 -> io.flutter.view.c$c:
    io.flutter.view.AccessibilityBridge this$0 -> a
io.flutter.view.AccessibilityBridge$4 -> io.flutter.view.c$d:
    android.view.accessibility.AccessibilityManager val$accessibilityManager -> a
    io.flutter.view.AccessibilityBridge this$0 -> b
io.flutter.view.AccessibilityBridge$AccessibilityFeature -> io.flutter.view.c$e:
    io.flutter.view.AccessibilityBridge$AccessibilityFeature ACCESSIBLE_NAVIGATION -> b
    io.flutter.view.AccessibilityBridge$AccessibilityFeature INVERT_COLORS -> c
    io.flutter.view.AccessibilityBridge$AccessibilityFeature DISABLE_ANIMATIONS -> d
    io.flutter.view.AccessibilityBridge$AccessibilityFeature[] $VALUES -> e
    int value -> a
io.flutter.view.AccessibilityBridge$Action -> io.flutter.view.c$f:
    io.flutter.view.AccessibilityBridge$Action MOVE_CURSOR_BACKWARD_BY_WORD -> v
    io.flutter.view.AccessibilityBridge$Action MOVE_CURSOR_FORWARD_BY_WORD -> u
    io.flutter.view.AccessibilityBridge$Action DISMISS -> t
    io.flutter.view.AccessibilityBridge$Action CUSTOM_ACTION -> s
    io.flutter.view.AccessibilityBridge$Action TAP -> b
    int value -> a
    io.flutter.view.AccessibilityBridge$Action SCROLL_UP -> f
    io.flutter.view.AccessibilityBridge$Action SCROLL_RIGHT -> e
    io.flutter.view.AccessibilityBridge$Action SCROLL_LEFT -> d
    io.flutter.view.AccessibilityBridge$Action LONG_PRESS -> c
    io.flutter.view.AccessibilityBridge$Action SHOW_ON_SCREEN -> j
    io.flutter.view.AccessibilityBridge$Action DECREASE -> i
    io.flutter.view.AccessibilityBridge$Action INCREASE -> h
    io.flutter.view.AccessibilityBridge$Action SCROLL_DOWN -> g
    io.flutter.view.AccessibilityBridge$Action COPY -> n
    io.flutter.view.AccessibilityBridge$Action SET_SELECTION -> m
    io.flutter.view.AccessibilityBridge$Action MOVE_CURSOR_BACKWARD_BY_CHARACTER -> l
    io.flutter.view.AccessibilityBridge$Action MOVE_CURSOR_FORWARD_BY_CHARACTER -> k
    io.flutter.view.AccessibilityBridge$Action DID_LOSE_ACCESSIBILITY_FOCUS -> r
    io.flutter.view.AccessibilityBridge$Action DID_GAIN_ACCESSIBILITY_FOCUS -> q
    io.flutter.view.AccessibilityBridge$Action PASTE -> p
io.flutter.view.AccessibilityBridge$CustomAccessibilityAction -> io.flutter.view.c$g:
    int id -> b
    int overrideId -> c
    java.lang.String hint -> e
    int resourceId -> a
    java.lang.String label -> d
    java.lang.String access$2700(io.flutter.view.AccessibilityBridge$CustomAccessibilityAction) -> a
    java.lang.String access$2702(io.flutter.view.AccessibilityBridge$CustomAccessibilityAction,java.lang.String) -> a
    int access$3102(io.flutter.view.AccessibilityBridge$CustomAccessibilityAction,int) -> a
    int access$3100(io.flutter.view.AccessibilityBridge$CustomAccessibilityAction) -> b
    java.lang.String access$3202(io.flutter.view.AccessibilityBridge$CustomAccessibilityAction,java.lang.String) -> b
    int access$3602(io.flutter.view.AccessibilityBridge$CustomAccessibilityAction,int) -> b
    java.lang.String access$3200(io.flutter.view.AccessibilityBridge$CustomAccessibilityAction) -> c
    int access$3802(io.flutter.view.AccessibilityBridge$CustomAccessibilityAction,int) -> c
    int access$3600(io.flutter.view.AccessibilityBridge$CustomAccessibilityAction) -> d
    int access$3800(io.flutter.view.AccessibilityBridge$CustomAccessibilityAction) -> e